<?xml version="1.0" encoding="UTF-8"?>
<!-- Generated by org.testng.reporters.JUnitXMLReporter -->
<testsuite hostname="ETC-1404246" ignored="4" name="Test" tests="3" failures="0" timestamp="29 Nov 2018 13:48:14 GMT" time="0.049" errors="0">
  <testcase name="testA" time="0.008" classname="testNG.DemoA"/>
  <testcase name="testB" time="0.002" classname="testNG.DemoB"/>
  <testcase name="testC" time="0.002" classname="testNG.DemoB"/>
  <testcase name="@AfterSuite afterSuite" time="0.0" classname="testNG.BaseTest">
    <ignored/>
  </testcase> <!-- @AfterSuite afterSuite -->
  <testcase name="@AfterTest afterTest" time="0.0" classname="testNG.BaseTest">
    <ignored/>
  </testcase> <!-- @AfterTest afterTest -->
  <testcase name="@BeforeSuite beforeSuite" time="0.0" classname="testNG.BaseTest">
    <ignored/>
  </testcase> <!-- @BeforeSuite beforeSuite -->
  <testcase name="@BeforeTest beforeTest" time="0.0" classname="testNG.BaseTest">
    <ignored/>
  </testcase> <!-- @BeforeTest beforeTest -->
</testsuite> <!-- Test -->
