<?xml version="1.0" encoding="UTF-8"?>
<testng-results skipped="0" failed="0" ignored="0" total="1" passed="1">
  <reporter-output>
  </reporter-output>
  <suite name="Default suite" duration-ms="18108" started-at="2018-11-30T16:20:15Z" finished-at="2018-11-30T16:20:33Z">
    <groups>
    </groups>
    <test name="Default test" duration-ms="18108" started-at="2018-11-30T16:20:15Z" finished-at="2018-11-30T16:20:33Z">
      <class name="testNG.TestB">
        <test-method status="PASS" signature="testA()[pri:0, instance:testNG.TestB@62ee68d8]" name="testA" duration-ms="18072" started-at="2018-11-30T16:20:15Z" finished-at="2018-11-30T16:20:33Z">
          <reporter-output>
          </reporter-output>
        </test-method> <!-- testA -->
      </class> <!-- testNG.TestB -->
    </test> <!-- Default test -->
  </suite> <!-- Default suite -->
</testng-results>
